tunnel/build/intermediates/manifest_merge_blame_file/debug/processDebugManifest/manifest-merger-blame-debug-report.txt
1<?xml version="1.0" encoding="utf-8"?>
2<!--
3  ~ Copyright © 2017-2023 WireGuard LLC. All Rights Reserved.
4  ~ SPDX-License-Identifier: Apache-2.0
5-->
6<manifest xmlns:android="http://schemas.android.com/apk/res/android"
7    package="com.rostamvpn.android.tunnel" >
8
9    <uses-sdk android:minSdkVersion="24" />
10
11    <application>
11-->src/main/AndroidManifest.xml:8:5-17:19
12        <service
12-->src/main/AndroidManifest.xml:9:9-16:19
13            android:name="com.rostamvpn.android.backend.GoBackend$VpnService"
13-->src/main/AndroidManifest.xml:10:13-78
14            android:exported="false"
14-->src/main/AndroidManifest.xml:12:13-37
15            android:permission="android.permission.BIND_VPN_SERVICE" >
15-->src/main/AndroidManifest.xml:11:13-69
16            <intent-filter>
16-->src/main/AndroidManifest.xml:13:13-15:29
17                <action android:name="android.net.VpnService" />
17-->src/main/AndroidManifest.xml:14:17-65
17-->src/main/AndroidManifest.xml:14:25-62
18            </intent-filter>
19        </service>
20    </application>
21
22</manifest>